# JRE version: OpenJDK Runtime Environment (7.0_79-b14) (build 1.7.0_79-b14)
# Java VM: OpenJDK 64-Bit Server VM (24.79-b02 mixed mode linux-amd64 compressed oops)
Heap
 PSYoungGen      total 76800K, used 33196K [0x00000000f8000000, 0x00000000fe200000, 0x0000000100000000)
  eden space 53248K, 53% used [0x00000000f8000000,0x00000000f9bdaac8,0x00000000fb400000)
  from space 23552K, 19% used [0x00000000fc980000,0x00000000fce107e8,0x00000000fe080000)
  to   space 22016K, 0% used [0x00000000fb400000,0x00000000fb400000,0x00000000fc980000)
 ParOldGen       total 73216K, used 41337K [0x00000000e8000000, 0x00000000ec780000, 0x00000000f8000000)
  object space 73216K, 56% used [0x00000000e8000000,0x00000000ea85e610,0x00000000ec780000)
 PSPermGen       total 74752K, used 73854K [0x00000000d8000000, 0x00000000dc900000, 0x00000000e8000000)
  object space 74752K, 98% used [0x00000000d8000000,0x00000000dc81f818,0x00000000dc900000)
GC Heap History (10 events):
Event: 2257.583 GC heap before
{Heap before GC invocations=108 (full 34):
 PSYoungGen      total 52736K, used 358K [0x00000000f8000000, 0x00000000fe680000, 0x0000000100000000)
  eden space 51712K, 0% used [0x00000000f8000000,0x00000000f8059948,0x00000000fb280000)
  from space 1024K, 0% used [0x00000000fb280000,0x00000000fb280000,0x00000000fb380000)
  to   space 26624K, 0% used [0x00000000fcc80000,0x00000000fcc80000,0x00000000fe680000)
 ParOldGen       total 73216K, used 41643K [0x00000000e8000000, 0x00000000ec780000, 0x00000000f8000000)
  object space 73216K, 56% used [0x00000000e8000000,0x00000000ea8aaf08,0x00000000ec780000)
 PSPermGen       total 75264K, used 73594K [0x00000000d8000000, 0x00000000dc980000, 0x00000000e8000000)
  object space 75264K, 97% used [0x00000000d8000000,0x00000000dc7deb68,0x00000000dc980000)
Event: 2257.587 GC heap after
Heap after GC invocations=108 (full 34):
 PSYoungGen      total 75264K, used 64K [0x00000000f8000000, 0x00000000fe380000, 0x0000000100000000)
  eden space 51712K, 0% used [0x00000000f8000000,0x00000000f8000000,0x00000000fb280000)
  from space 23552K, 0% used [0x00000000fcc80000,0x00000000fcc90000,0x00000000fe380000)
  to   space 25088K, 0% used [0x00000000fb280000,0x00000000fb280000,0x00000000fcb00000)
 ParOldGen       total 73216K, used 41643K [0x00000000e8000000, 0x00000000ec780000, 0x00000000f8000000)
  object space 73216K, 56% used [0x00000000e8000000,0x00000000ea8aaf08,0x00000000ec780000)
 PSPermGen       total 75264K, used 73594K [0x00000000d8000000, 0x00000000dc980000, 0x00000000e8000000)
  object space 75264K, 97% used [0x00000000d8000000,0x00000000dc7deb68,0x00000000dc980000)
}
Event: 2257.587 GC heap before
{Heap before GC invocations=109 (full 35):
 PSYoungGen      total 75264K, used 64K [0x00000000f8000000, 0x00000000fe380000, 0x0000000100000000)
  eden space 51712K, 0% used [0x00000000f8000000,0x00000000f8000000,0x00000000fb280000)
  from space 23552K, 0% used [0x00000000fcc80000,0x00000000fcc90000,0x00000000fe380000)
  to   space 25088K, 0% used [0x00000000fb280000,0x00000000fb280000,0x00000000fcb00000)
 ParOldGen       total 73216K, used 41643K [0x00000000e8000000, 0x00000000ec780000, 0x00000000f8000000)
  object space 73216K, 56% used [0x00000000e8000000,0x00000000ea8aaf08,0x00000000ec780000)
 PSPermGen       total 75264K, used 73594K [0x00000000d8000000, 0x00000000dc980000, 0x00000000e8000000)
  object space 75264K, 97% used [0x00000000d8000000,0x00000000dc7deb68,0x00000000dc980000)
Event: 2257.730 GC heap after
Heap after GC invocations=109 (full 35):
 PSYoungGen      total 75264K, used 0K [0x00000000f8000000, 0x00000000fe380000, 0x0000000100000000)
  eden space 51712K, 0% used [0x00000000f8000000,0x00000000f8000000,0x00000000fb280000)
  from space 23552K, 0% used [0x00000000fcc80000,0x00000000fcc80000,0x00000000fe380000)
  to   space 25088K, 0% used [0x00000000fb280000,0x00000000fb280000,0x00000000fcb00000)
 ParOldGen       total 73216K, used 41438K [0x00000000e8000000, 0x00000000ec780000, 0x00000000f8000000)
  object space 73216K, 56% used [0x00000000e8000000,0x00000000ea877a70,0x00000000ec780000)
 PSPermGen       total 75264K, used 73594K [0x00000000d8000000, 0x00000000dc980000, 0x00000000e8000000)
  object space 75264K, 97% used [0x00000000d8000000,0x00000000dc7deb68,0x00000000dc980000)
}
Event: 2317.584 GC heap before
{Heap before GC invocations=110 (full 35):
 PSYoungGen      total 75264K, used 278K [0x00000000f8000000, 0x00000000fe380000, 0x0000000100000000)
  eden space 51712K, 0% used [0x00000000f8000000,0x00000000f8045a90,0x00000000fb280000)
  from space 23552K, 0% used [0x00000000fcc80000,0x00000000fcc80000,0x00000000fe380000)
  to   space 25088K, 0% used [0x00000000fb280000,0x00000000fb280000,0x00000000fcb00000)
 ParOldGen       total 73216K, used 41438K [0x00000000e8000000, 0x00000000ec780000, 0x00000000f8000000)
  object space 73216K, 56% used [0x00000000e8000000,0x00000000ea877a70,0x00000000ec780000)
 PSPermGen       total 75264K, used 73594K [0x00000000d8000000, 0x00000000dc980000, 0x00000000e8000000)
  object space 75264K, 97% used [0x00000000d8000000,0x00000000dc7deb68,0x00000000dc980000)
Event: 2317.587 GC heap after
Heap after GC invocations=110 (full 35):
 PSYoungGen      total 52224K, used 96K [0x00000000f8000000, 0x00000000fe080000, 0x0000000100000000)
  eden space 51712K, 0% used [0x00000000f8000000,0x00000000f8000000,0x00000000fb280000)
  from space 512K, 18% used [0x00000000fb280000,0x00000000fb298000,0x00000000fb300000)
  to   space 23552K, 0% used [0x00000000fc980000,0x00000000fc980000,0x00000000fe080000)
 ParOldGen       total 73216K, used 41438K [0x00000000e8000000, 0x00000000ec780000, 0x00000000f8000000)
  object space 73216K, 56% used [0x00000000e8000000,0x00000000ea877a70,0x00000000ec780000)
 PSPermGen       total 75264K, used 73594K [0x00000000d8000000, 0x00000000dc980000, 0x00000000e8000000)
  object space 75264K, 97% used [0x00000000d8000000,0x00000000dc7deb68,0x00000000dc980000)
}
Event: 2317.587 GC heap before
{Heap before GC invocations=111 (full 36):
 PSYoungGen      total 52224K, used 96K [0x00000000f8000000, 0x00000000fe080000, 0x0000000100000000)
  eden space 51712K, 0% used [0x00000000f8000000,0x00000000f8000000,0x00000000fb280000)
  from space 512K, 18% used [0x00000000fb280000,0x00000000fb298000,0x00000000fb300000)
  to   space 23552K, 0% used [0x00000000fc980000,0x00000000fc980000,0x00000000fe080000)
 ParOldGen       total 73216K, used 41438K [0x00000000e8000000, 0x00000000ec780000, 0x00000000f8000000)
  object space 73216K, 56% used [0x00000000e8000000,0x00000000ea877a70,0x00000000ec780000)
 PSPermGen       total 75264K, used 73594K [0x00000000d8000000, 0x00000000dc980000, 0x00000000e8000000)
  object space 75264K, 97% used [0x00000000d8000000,0x00000000dc7deb68,0x00000000dc980000)
Event: 2317.711 GC heap after
Heap after GC invocations=111 (full 36):
 PSYoungGen      total 52224K, used 0K [0x00000000f8000000, 0x00000000fe080000, 0x0000000100000000)
  eden space 51712K, 0% used [0x00000000f8000000,0x00000000f8000000,0x00000000fb280000)
  from space 512K, 0% used [0x00000000fb280000,0x00000000fb280000,0x00000000fb300000)
  to   space 23552K, 0% used [0x00000000fc980000,0x00000000fc980000,0x00000000fe080000)
 ParOldGen       total 73216K, used 41337K [0x00000000e8000000, 0x00000000ec780000, 0x00000000f8000000)
  object space 73216K, 56% used [0x00000000e8000000,0x00000000ea85e610,0x00000000ec780000)
 PSPermGen       total 74752K, used 73594K [0x00000000d8000000, 0x00000000dc900000, 0x00000000e8000000)
  object space 74752K, 98% used [0x00000000d8000000,0x00000000dc7deb68,0x00000000dc900000)
}
Event: 2377.718 GC heap before
{Heap before GC invocations=112 (full 36):
 PSYoungGen      total 52224K, used 51712K [0x00000000f8000000, 0x00000000fe080000, 0x0000000100000000)
  eden space 51712K, 100% used [0x00000000f8000000,0x00000000fb280000,0x00000000fb280000)
  from space 512K, 0% used [0x00000000fb280000,0x00000000fb280000,0x00000000fb300000)
  to   space 23552K, 0% used [0x00000000fc980000,0x00000000fc980000,0x00000000fe080000)
 ParOldGen       total 73216K, used 41337K [0x00000000e8000000, 0x00000000ec780000, 0x00000000f8000000)
  object space 73216K, 56% used [0x00000000e8000000,0x00000000ea85e610,0x00000000ec780000)
 PSPermGen       total 74752K, used 73834K [0x00000000d8000000, 0x00000000dc900000, 0x00000000e8000000)
  object space 74752K, 98% used [0x00000000d8000000,0x00000000dc81a968,0x00000000dc900000)
Event: 2377.727 GC heap after
Heap after GC invocations=112 (full 36):
 PSYoungGen      total 76800K, used 4673K [0x00000000f8000000, 0x00000000fe200000, 0x0000000100000000)
  eden space 53248K, 0% used [0x00000000f8000000,0x00000000f8000000,0x00000000fb400000)
  from space 23552K, 19% used [0x00000000fc980000,0x00000000fce107e8,0x00000000fe080000)
  to   space 22016K, 0% used [0x00000000fb400000,0x00000000fb400000,0x00000000fc980000)
 ParOldGen       total 73216K, used 41337K [0x00000000e8000000, 0x00000000ec780000, 0x00000000f8000000)
  object space 73216K, 56% used [0x00000000e8000000,0x00000000ea85e610,0x00000000ec780000)
 PSPermGen       total 74752K, used 73834K [0x00000000d8000000, 0x00000000dc900000, 0x00000000e8000000)
  object space 74752K, 98% used [0x00000000d8000000,0x00000000dc81a968,0x00000000dc900000)
}

